Loading configuration file: /headnode1/abry4213/.conda/envs/pyspi/lib/python3.9/site-packages/pyspi/config.yaml
*** Importing module .statistics.basic
[0] Adding SPI .statistics.basic.covariance(x,y,{'estimator': 'EmpiricalCovariance'})...
Succesfully initialised SPI with identifier "cov_EmpiricalCovariance" and labels ['basic', 'unordered', 'linear', 'undirected', 'signed']
[1] Adding SPI .statistics.basic.covariance(x,y,{'estimator': 'EllipticEnvelope'})...
Succesfully initialised SPI with identifier "cov_EllipticEnvelope" and labels ['basic', 'unordered', 'linear', 'undirected', 'signed']
[2] Adding SPI .statistics.basic.covariance(x,y,{'estimator': 'GraphicalLasso'})...
Succesfully initialised SPI with identifier "cov_GraphicalLasso" and labels ['basic', 'unordered', 'linear', 'undirected', 'signed']
[3] Adding SPI .statistics.basic.covariance(x,y,{'estimator': 'GraphicalLassoCV'})...
Succesfully initialised SPI with identifier "cov_GraphicalLassoCV" and labels ['basic', 'unordered', 'linear', 'undirected', 'signed']
[4] Adding SPI .statistics.basic.covariance(x,y,{'estimator': 'LedoitWolf'})...
Succesfully initialised SPI with identifier "cov_LedoitWolf" and labels ['basic', 'unordered', 'linear', 'undirected', 'signed']
[5] Adding SPI .statistics.basic.covariance(x,y,{'estimator': 'MinCovDet'})...
Succesfully initialised SPI with identifier "cov_MinCovDet" and labels ['basic', 'unordered', 'linear', 'undirected', 'signed']
[6] Adding SPI .statistics.basic.covariance(x,y,{'estimator': 'OAS'})...
Succesfully initialised SPI with identifier "cov_OAS" and labels ['basic', 'unordered', 'linear', 'undirected', 'signed']
[7] Adding SPI .statistics.basic.covariance(x,y,{'estimator': 'ShrunkCovariance'})...
Succesfully initialised SPI with identifier "cov_ShrunkCovariance" and labels ['basic', 'unordered', 'linear', 'undirected', 'signed']
[8] Adding SPI .statistics.basic.covariance(x,y,{'estimator': 'EmpiricalCovariance', 'squared': True})...
Succesfully initialised SPI with identifier "cov-sq_EmpiricalCovariance" and labels ['basic', 'unordered', 'linear', 'undirected', 'unsigned']
[9] Adding SPI .statistics.basic.covariance(x,y,{'estimator': 'EllipticEnvelope', 'squared': True})...
Succesfully initialised SPI with identifier "cov-sq_EllipticEnvelope" and labels ['basic', 'unordered', 'linear', 'undirected', 'unsigned']
[10] Adding SPI .statistics.basic.covariance(x,y,{'estimator': 'GraphicalLasso', 'squared': True})...
Succesfully initialised SPI with identifier "cov-sq_GraphicalLasso" and labels ['basic', 'unordered', 'linear', 'undirected', 'unsigned']
[11] Adding SPI .statistics.basic.covariance(x,y,{'estimator': 'GraphicalLassoCV', 'squared': True})...
Succesfully initialised SPI with identifier "cov-sq_GraphicalLassoCV" and labels ['basic', 'unordered', 'linear', 'undirected', 'unsigned']
[12] Adding SPI .statistics.basic.covariance(x,y,{'estimator': 'LedoitWolf', 'squared': True})...
Succesfully initialised SPI with identifier "cov-sq_LedoitWolf" and labels ['basic', 'unordered', 'linear', 'undirected', 'unsigned']
[13] Adding SPI .statistics.basic.covariance(x,y,{'estimator': 'MinCovDet', 'squared': True})...
Succesfully initialised SPI with identifier "cov-sq_MinCovDet" and labels ['basic', 'unordered', 'linear', 'undirected', 'unsigned']
[14] Adding SPI .statistics.basic.covariance(x,y,{'estimator': 'OAS', 'squared': True})...
Succesfully initialised SPI with identifier "cov-sq_OAS" and labels ['basic', 'unordered', 'linear', 'undirected', 'unsigned']
[15] Adding SPI .statistics.basic.covariance(x,y,{'estimator': 'ShrunkCovariance', 'squared': True})...
Succesfully initialised SPI with identifier "cov-sq_ShrunkCovariance" and labels ['basic', 'unordered', 'linear', 'undirected', 'unsigned']
[16] Adding SPI .statistics.basic.precision(x,y,{'estimator': 'EmpiricalCovariance'})...
Succesfully initialised SPI with identifier "prec_EmpiricalCovariance" and labels ['basic', 'unordered', 'linear', 'undirected', 'signed']
[17] Adding SPI .statistics.basic.precision(x,y,{'estimator': 'EllipticEnvelope'})...
Succesfully initialised SPI with identifier "prec_EllipticEnvelope" and labels ['basic', 'unordered', 'linear', 'undirected', 'signed']
[18] Adding SPI .statistics.basic.precision(x,y,{'estimator': 'GraphicalLasso'})...
Succesfully initialised SPI with identifier "prec_GraphicalLasso" and labels ['basic', 'unordered', 'linear', 'undirected', 'signed']
[19] Adding SPI .statistics.basic.precision(x,y,{'estimator': 'GraphicalLassoCV'})...
Succesfully initialised SPI with identifier "prec_GraphicalLassoCV" and labels ['basic', 'unordered', 'linear', 'undirected', 'signed']
[20] Adding SPI .statistics.basic.precision(x,y,{'estimator': 'LedoitWolf'})...
Succesfully initialised SPI with identifier "prec_LedoitWolf" and labels ['basic', 'unordered', 'linear', 'undirected', 'signed']
[21] Adding SPI .statistics.basic.precision(x,y,{'estimator': 'MinCovDet'})...
Succesfully initialised SPI with identifier "prec_MinCovDet" and labels ['basic', 'unordered', 'linear', 'undirected', 'signed']
[22] Adding SPI .statistics.basic.precision(x,y,{'estimator': 'OAS'})...
Succesfully initialised SPI with identifier "prec_OAS" and labels ['basic', 'unordered', 'linear', 'undirected', 'signed']
[23] Adding SPI .statistics.basic.precision(x,y,{'estimator': 'ShrunkCovariance'})...
Succesfully initialised SPI with identifier "prec_ShrunkCovariance" and labels ['basic', 'unordered', 'linear', 'undirected', 'signed']
[24] Adding SPI .statistics.basic.precision(x,y,{'estimator': 'EmpiricalCovariance', 'squared': True})...
Succesfully initialised SPI with identifier "prec-sq_EmpiricalCovariance" and labels ['basic', 'unordered', 'linear', 'undirected', 'unsigned']
[25] Adding SPI .statistics.basic.precision(x,y,{'estimator': 'EllipticEnvelope', 'squared': True})...
Succesfully initialised SPI with identifier "prec-sq_EllipticEnvelope" and labels ['basic', 'unordered', 'linear', 'undirected', 'unsigned']
[26] Adding SPI .statistics.basic.precision(x,y,{'estimator': 'GraphicalLasso', 'squared': True})...
Succesfully initialised SPI with identifier "prec-sq_GraphicalLasso" and labels ['basic', 'unordered', 'linear', 'undirected', 'unsigned']
[27] Adding SPI .statistics.basic.precision(x,y,{'estimator': 'GraphicalLassoCV', 'squared': True})...
Succesfully initialised SPI with identifier "prec-sq_GraphicalLassoCV" and labels ['basic', 'unordered', 'linear', 'undirected', 'unsigned']
[28] Adding SPI .statistics.basic.precision(x,y,{'estimator': 'LedoitWolf', 'squared': True})...
Succesfully initialised SPI with identifier "prec-sq_LedoitWolf" and labels ['basic', 'unordered', 'linear', 'undirected', 'unsigned']
[29] Adding SPI .statistics.basic.precision(x,y,{'estimator': 'MinCovDet', 'squared': True})...
Succesfully initialised SPI with identifier "prec-sq_MinCovDet" and labels ['basic', 'unordered', 'linear', 'undirected', 'unsigned']
[30] Adding SPI .statistics.basic.precision(x,y,{'estimator': 'OAS', 'squared': True})...
Succesfully initialised SPI with identifier "prec-sq_OAS" and labels ['basic', 'unordered', 'linear', 'undirected', 'unsigned']
[31] Adding SPI .statistics.basic.precision(x,y,{'estimator': 'ShrunkCovariance', 'squared': True})...
Succesfully initialised SPI with identifier "prec-sq_ShrunkCovariance" and labels ['basic', 'unordered', 'linear', 'undirected', 'unsigned']
[32] Adding SPI .statistics.basic.spearmanr(x,y,{'squared': True})...
Succesfully initialised SPI with identifier "spearmanr-sq" and labels ['basic', 'unordered', 'rank', 'linear', 'undirected', 'unsigned']
[33] Adding SPI .statistics.basic.spearmanr(x,y,{'squared': False})...
Succesfully initialised SPI with identifier "spearmanr" and labels ['basic', 'unordered', 'rank', 'linear', 'undirected', 'unsigned', 'signed']
[34] Adding SPI .statistics.basic.kendalltau(x,y,{'squared': True})...
Succesfully initialised SPI with identifier "kendalltau-sq" and labels ['basic', 'unordered', 'rank', 'linear', 'undirected', 'unsigned']
[35] Adding SPI .statistics.basic.kendalltau(x,y,{'squared': False})...
Succesfully initialised SPI with identifier "kendalltau" and labels ['basic', 'unordered', 'rank', 'linear', 'undirected', 'unsigned', 'signed']
[36] Adding SPI .statistics.basic.xcorr(x,y,{'statistic': 'max'})...
Succesfully initialised SPI with identifier "xcorr_max_sig-True" and labels ['basic', 'linear', 'undirected', 'temporal', 'signed']
[37] Adding SPI .statistics.basic.xcorr(x,y,{'statistic': 'max', 'squared': True})...
Succesfully initialised SPI with identifier "xcorr-sq_max_sig-True" and labels ['basic', 'linear', 'undirected', 'temporal', 'unsigned']
[38] Adding SPI .statistics.basic.xcorr(x,y,{'statistic': 'mean'})...
Succesfully initialised SPI with identifier "xcorr_mean_sig-True" and labels ['basic', 'linear', 'undirected', 'temporal', 'signed']
[39] Adding SPI .statistics.basic.xcorr(x,y,{'statistic': 'mean', 'squared': True})...
Succesfully initialised SPI with identifier "xcorr-sq_mean_sig-True" and labels ['basic', 'linear', 'undirected', 'temporal', 'unsigned']
[40] Adding SPI .statistics.basic.xcorr(x,y,{'statistic': 'mean', 'sigonly': False})...
Succesfully initialised SPI with identifier "xcorr_mean_sig-False" and labels ['basic', 'linear', 'undirected', 'temporal', 'signed']
[41] Adding SPI .statistics.basic.xcorr(x,y,{'statistic': 'mean', 'squared': True, 'sigonly': False})...
Succesfully initialised SPI with identifier "xcorr-sq_mean_sig-False" and labels ['basic', 'linear', 'undirected', 'temporal', 'unsigned']
*** Importing module .statistics.distance
[42] Adding SPI .statistics.distance.pdist(x,y,{'metric': 'euclidean'})...
Succesfully initialised SPI with identifier "pdist_euclidean" and labels ['unsigned', 'distance', 'unordered', 'nonlinear', 'undirected']
[43] Adding SPI .statistics.distance.pdist(x,y,{'metric': 'cityblock'})...
Succesfully initialised SPI with identifier "pdist_cityblock" and labels ['unsigned', 'distance', 'unordered', 'nonlinear', 'undirected']
[44] Adding SPI .statistics.distance.pdist(x,y,{'metric': 'cosine'})...
Succesfully initialised SPI with identifier "pdist_cosine" and labels ['unsigned', 'distance', 'unordered', 'nonlinear', 'undirected']
[45] Adding SPI .statistics.distance.pdist(x,y,{'metric': 'chebyshev'})...
Succesfully initialised SPI with identifier "pdist_chebyshev" and labels ['unsigned', 'distance', 'unordered', 'nonlinear', 'undirected']
[46] Adding SPI .statistics.distance.pdist(x,y,{'metric': 'canberra'})...
Succesfully initialised SPI with identifier "pdist_canberra" and labels ['unsigned', 'distance', 'unordered', 'nonlinear', 'undirected']
[47] Adding SPI .statistics.distance.pdist(x,y,{'metric': 'braycurtis'})...
Succesfully initialised SPI with identifier "pdist_braycurtis" and labels ['unsigned', 'distance', 'unordered', 'nonlinear', 'undirected']
[48] Adding SPI .statistics.distance.dcorr(x,y,{'biased': False})...
Succesfully initialised SPI with identifier "dcorr" and labels ['unsigned', 'distance', 'unordered', 'nonlinear', 'undirected']
[49] Adding SPI .statistics.distance.dcorr(x,y,{'biased': True})...
Succesfully initialised SPI with identifier "dcorr_biased" and labels ['unsigned', 'distance', 'unordered', 'nonlinear', 'undirected']
[50] Adding SPI .statistics.distance.mgc(x,y)...
Succesfully initialised SPI with identifier "mgc" and labels ['distance', 'unsigned', 'unordered', 'nonlinear', 'undirected']
[51] Adding SPI .statistics.distance.hsic(x,y,{'biased': False})...
Succesfully initialised SPI with identifier "hsic" and labels ['unsigned', 'distance', 'unordered', 'nonlinear', 'undirected']
[52] Adding SPI .statistics.distance.hsic(x,y,{'biased': True})...
Succesfully initialised SPI with identifier "hsic_biased" and labels ['unsigned', 'distance', 'unordered', 'nonlinear', 'undirected']
[53] Adding SPI .statistics.distance.hhg(x,y)...
Succesfully initialised SPI with identifier "hhg" and labels ['unsigned', 'distance', 'unordered', 'nonlinear', 'directed']
[54] Adding SPI .statistics.distance.mgcx(x,y,{'max_lag': 1})...
Succesfully initialised SPI with identifier "mgcx_maxlag-1" and labels ['unsigned', 'distance', 'temporal', 'directed', 'nonlinear']
[55] Adding SPI .statistics.distance.mgcx(x,y,{'max_lag': 10})...
Succesfully initialised SPI with identifier "mgcx_maxlag-10" and labels ['unsigned', 'distance', 'temporal', 'directed', 'nonlinear']
[56] Adding SPI .statistics.distance.dcorrx(x,y,{'max_lag': 1})...
Succesfully initialised SPI with identifier "dcorrx_maxlag-1" and labels ['distance', 'unsigned', 'temporal', 'directed', 'nonlinear']
[57] Adding SPI .statistics.distance.dcorrx(x,y,{'max_lag': 10})...
Succesfully initialised SPI with identifier "dcorrx_maxlag-10" and labels ['distance', 'unsigned', 'temporal', 'directed', 'nonlinear']
[58] Adding SPI .statistics.distance.dynamic_time_warping(x,y,{'global_constraint': None})...
Succesfully initialised SPI with identifier "dtw" and labels ['unsigned', 'distance', 'temporal', 'undirected', 'nonlinear']
[59] Adding SPI .statistics.distance.dynamic_time_warping(x,y,{'global_constraint': 'itakura'})...
Succesfully initialised SPI with identifier "dtw_constraint-itakura" and labels ['unsigned', 'distance', 'temporal', 'undirected', 'nonlinear']
[60] Adding SPI .statistics.distance.dynamic_time_warping(x,y,{'global_constraint': 'sakoe_chiba'})...
Succesfully initialised SPI with identifier "dtw_constraint-sakoe-chiba" and labels ['unsigned', 'distance', 'temporal', 'undirected', 'nonlinear']
[61] Adding SPI .statistics.distance.soft_dynamic_time_warping(x,y,{'global_constraint': None})...
Succesfully initialised SPI with identifier "softdtw" and labels ['unsigned', 'distance', 'temporal', 'undirected', 'nonlinear']
[62] Adding SPI .statistics.distance.soft_dynamic_time_warping(x,y,{'global_constraint': 'itakura'})...
Succesfully initialised SPI with identifier "softdtw_constraint-itakura" and labels ['unsigned', 'distance', 'temporal', 'undirected', 'nonlinear']
[63] Adding SPI .statistics.distance.soft_dynamic_time_warping(x,y,{'global_constraint': 'sakoe_chiba'})...
Succesfully initialised SPI with identifier "softdtw_constraint-sakoe-chiba" and labels ['unsigned', 'distance', 'temporal', 'undirected', 'nonlinear']
[64] Adding SPI .statistics.distance.longest_common_subsequence(x,y,{'global_constraint': None})...
Succesfully initialised SPI with identifier "lcss" and labels ['unsigned', 'distance', 'temporal', 'undirected', 'nonlinear']
[65] Adding SPI .statistics.distance.longest_common_subsequence(x,y,{'global_constraint': 'itakura'})...
Succesfully initialised SPI with identifier "lcss_constraint-itakura" and labels ['unsigned', 'distance', 'temporal', 'undirected', 'nonlinear']
[66] Adding SPI .statistics.distance.longest_common_subsequence(x,y,{'global_constraint': 'sakoe_chiba'})...
Succesfully initialised SPI with identifier "lcss_constraint-sakoe-chiba" and labels ['unsigned', 'distance', 'temporal', 'undirected', 'nonlinear']
[67] Adding SPI .statistics.distance.barycenter(x,y,{'mode': 'euclidean', 'statistic': 'mean'})...
Succesfully initialised SPI with identifier "bary_euclidean_mean" and labels ['distance', 'signed', 'undirected', 'temporal', 'nonlinear']
[68] Adding SPI .statistics.distance.barycenter(x,y,{'mode': 'euclidean', 'statistic': 'max'})...
Succesfully initialised SPI with identifier "bary_euclidean_max" and labels ['distance', 'signed', 'undirected', 'temporal', 'nonlinear']
[69] Adding SPI .statistics.distance.barycenter(x,y,{'mode': 'dtw', 'statistic': 'mean'})...
Succesfully initialised SPI with identifier "bary_dtw_mean" and labels ['distance', 'signed', 'undirected', 'temporal', 'nonlinear']
[70] Adding SPI .statistics.distance.barycenter(x,y,{'mode': 'dtw', 'statistic': 'max'})...
Succesfully initialised SPI with identifier "bary_dtw_max" and labels ['distance', 'signed', 'undirected', 'temporal', 'nonlinear']
[71] Adding SPI .statistics.distance.barycenter(x,y,{'mode': 'sgddtw', 'statistic': 'mean'})...
Succesfully initialised SPI with identifier "bary_sgddtw_mean" and labels ['distance', 'signed', 'undirected', 'temporal', 'nonlinear']
[72] Adding SPI .statistics.distance.barycenter(x,y,{'mode': 'sgddtw', 'statistic': 'max'})...
Succesfully initialised SPI with identifier "bary_sgddtw_max" and labels ['distance', 'signed', 'undirected', 'temporal', 'nonlinear']
[73] Adding SPI .statistics.distance.barycenter(x,y,{'mode': 'softdtw', 'statistic': 'mean'})...
Succesfully initialised SPI with identifier "bary_softdtw_mean" and labels ['distance', 'signed', 'undirected', 'temporal', 'nonlinear']
[74] Adding SPI .statistics.distance.barycenter(x,y,{'mode': 'softdtw', 'statistic': 'max'})...
Succesfully initialised SPI with identifier "bary_softdtw_max" and labels ['distance', 'signed', 'undirected', 'temporal', 'nonlinear']
[75] Adding SPI .statistics.distance.barycenter(x,y,{'mode': 'euclidean', 'statistic': 'mean', 'squared': True})...
Succesfully initialised SPI with identifier "bary-sq_euclidean_mean" and labels ['distance', 'signed', 'undirected', 'temporal', 'nonlinear']
[76] Adding SPI .statistics.distance.barycenter(x,y,{'mode': 'euclidean', 'statistic': 'max', 'squared': True})...
Succesfully initialised SPI with identifier "bary-sq_euclidean_max" and labels ['distance', 'signed', 'undirected', 'temporal', 'nonlinear']
[77] Adding SPI .statistics.distance.barycenter(x,y,{'mode': 'dtw', 'statistic': 'mean', 'squared': True})...
Succesfully initialised SPI with identifier "bary-sq_dtw_mean" and labels ['distance', 'signed', 'undirected', 'temporal', 'nonlinear']
[78] Adding SPI .statistics.distance.barycenter(x,y,{'mode': 'dtw', 'statistic': 'max', 'squared': True})...
Succesfully initialised SPI with identifier "bary-sq_dtw_max" and labels ['distance', 'signed', 'undirected', 'temporal', 'nonlinear']
[79] Adding SPI .statistics.distance.barycenter(x,y,{'mode': 'sgddtw', 'statistic': 'mean', 'squared': True})...
Succesfully initialised SPI with identifier "bary-sq_sgddtw_mean" and labels ['distance', 'signed', 'undirected', 'temporal', 'nonlinear']
[80] Adding SPI .statistics.distance.barycenter(x,y,{'mode': 'sgddtw', 'statistic': 'max', 'squared': True})...
Succesfully initialised SPI with identifier "bary-sq_sgddtw_max" and labels ['distance', 'signed', 'undirected', 'temporal', 'nonlinear']
[81] Adding SPI .statistics.distance.barycenter(x,y,{'mode': 'softdtw', 'statistic': 'mean', 'squared': True})...
Succesfully initialised SPI with identifier "bary-sq_softdtw_mean" and labels ['distance', 'signed', 'undirected', 'temporal', 'nonlinear']
[82] Adding SPI .statistics.distance.barycenter(x,y,{'mode': 'softdtw', 'statistic': 'max', 'squared': True})...
Succesfully initialised SPI with identifier "bary-sq_softdtw_max" and labels ['distance', 'signed', 'undirected', 'temporal', 'nonlinear']
*** Importing module .statistics.causal
[83] Adding SPI .statistics.causal.anm(x,y)...
Succesfully initialised SPI with identifier "anm" and labels ['unsigned', 'causal', 'unordered', 'linear', 'directed']
[84] Adding SPI .statistics.causal.cds(x,y)...
Succesfully initialised SPI with identifier "cds" and labels ['unsigned', 'causal', 'unordered', 'nonlinear', 'directed']
[85] Adding SPI .statistics.causal.reci(x,y)...
Succesfully initialised SPI with identifier "reci" and labels ['unsigned', 'causal', 'unordered', 'nonlinear', 'directed']
[86] Adding SPI .statistics.causal.igci(x,y)...
Succesfully initialised SPI with identifier "igci" and labels ['causal', 'directed', 'nonlinear', 'unsigned', 'unordered']
[87] Adding SPI .statistics.causal.ccm(x,y,{'statistic': 'mean'})...
Succesfully initialised SPI with identifier "ccm_E-None_mean" and labels ['causal', 'directed', 'nonlinear', 'temporal', 'signed']
[88] Adding SPI .statistics.causal.ccm(x,y,{'statistic': 'max'})...
Succesfully initialised SPI with identifier "ccm_E-None_max" and labels ['causal', 'directed', 'nonlinear', 'temporal', 'signed']
[89] Adding SPI .statistics.causal.ccm(x,y,{'statistic': 'diff'})...
Succesfully initialised SPI with identifier "ccm_E-None_diff" and labels ['causal', 'directed', 'nonlinear', 'temporal', 'signed']
[90] Adding SPI .statistics.causal.ccm(x,y,{'statistic': 'mean', 'embedding_dimension': 1})...
Succesfully initialised SPI with identifier "ccm_E-1_mean" and labels ['causal', 'directed', 'nonlinear', 'temporal', 'signed']
[91] Adding SPI .statistics.causal.ccm(x,y,{'statistic': 'max', 'embedding_dimension': 1})...
Succesfully initialised SPI with identifier "ccm_E-1_max" and labels ['causal', 'directed', 'nonlinear', 'temporal', 'signed']
[92] Adding SPI .statistics.causal.ccm(x,y,{'statistic': 'diff', 'embedding_dimension': 1})...
Succesfully initialised SPI with identifier "ccm_E-1_diff" and labels ['causal', 'directed', 'nonlinear', 'temporal', 'signed']
[93] Adding SPI .statistics.causal.ccm(x,y,{'statistic': 'mean', 'embedding_dimension': 10})...
Succesfully initialised SPI with identifier "ccm_E-10_mean" and labels ['causal', 'directed', 'nonlinear', 'temporal', 'signed']
[94] Adding SPI .statistics.causal.ccm(x,y,{'statistic': 'max', 'embedding_dimension': 10})...
Succesfully initialised SPI with identifier "ccm_E-10_max" and labels ['causal', 'directed', 'nonlinear', 'temporal', 'signed']
[95] Adding SPI .statistics.causal.ccm(x,y,{'statistic': 'diff', 'embedding_dimension': 10})...
Succesfully initialised SPI with identifier "ccm_E-10_diff" and labels ['causal', 'directed', 'nonlinear', 'temporal', 'signed']
*** Importing module .statistics.infotheory
[96] Adding SPI .statistics.infotheory.joint_entropy(x,y,{'estimator': 'gaussian'})...
Succesfully initialised SPI with identifier "je_gaussian" and labels ['unsigned', 'infotheory', 'unordered', 'undirected', 'linear']
[97] Adding SPI .statistics.infotheory.joint_entropy(x,y,{'estimator': 'kozachenko'})...
Succesfully initialised SPI with identifier "je_kozachenko" and labels ['unsigned', 'infotheory', 'unordered', 'undirected', 'linear']
[98] Adding SPI .statistics.infotheory.joint_entropy(x,y,{'estimator': 'kernel'})...
Succesfully initialised SPI with identifier "je_kernel_W-0.5" and labels ['unsigned', 'infotheory', 'unordered', 'undirected', 'nonlinear']
[99] Adding SPI .statistics.infotheory.conditional_entropy(x,y,{'estimator': 'gaussian'})...
Succesfully initialised SPI with identifier "ce_gaussian" and labels ['unsigned', 'infotheory', 'unordered', 'directed', 'linear']
[100] Adding SPI .statistics.infotheory.conditional_entropy(x,y,{'estimator': 'kozachenko'})...
Succesfully initialised SPI with identifier "ce_kozachenko" and labels ['unsigned', 'infotheory', 'unordered', 'directed', 'linear']
[101] Adding SPI .statistics.infotheory.conditional_entropy(x,y,{'estimator': 'kernel'})...
Succesfully initialised SPI with identifier "ce_kernel_W-0.5" and labels ['unsigned', 'infotheory', 'unordered', 'directed', 'nonlinear']
[102] Adding SPI .statistics.infotheory.causal_entropy(x,y,{'estimator': 'gaussian'})...
Succesfully initialised SPI with identifier "cce_gaussian" and labels ['unsigned', 'infotheory', 'temporal', 'directed', 'linear']
[103] Adding SPI .statistics.infotheory.causal_entropy(x,y,{'estimator': 'kozachenko'})...
Succesfully initialised SPI with identifier "cce_kozachenko" and labels ['unsigned', 'infotheory', 'temporal', 'directed', 'linear']
[104] Adding SPI .statistics.infotheory.causal_entropy(x,y,{'estimator': 'kernel'})...
Succesfully initialised SPI with identifier "cce_kernel_W-0.5" and labels ['unsigned', 'infotheory', 'temporal', 'directed', 'nonlinear']
[105] Adding SPI .statistics.infotheory.crossmap_entropy(x,y,{'estimator': 'gaussian', 'history_length': 1})...
Succesfully initialised SPI with identifier "xme_gaussian_k1" and labels ['unsigned', 'infotheory', 'temporal', 'directed', 'linear']
[106] Adding SPI .statistics.infotheory.crossmap_entropy(x,y,{'estimator': 'kozachenko', 'history_length': 1})...
Succesfully initialised SPI with identifier "xme_kozachenko_k1" and labels ['unsigned', 'infotheory', 'temporal', 'directed', 'linear']
[107] Adding SPI .statistics.infotheory.crossmap_entropy(x,y,{'estimator': 'kernel', 'history_length': 1})...
Succesfully initialised SPI with identifier "xme_kernel_W-0.5_k1" and labels ['unsigned', 'infotheory', 'temporal', 'directed', 'nonlinear']
[108] Adding SPI .statistics.infotheory.crossmap_entropy(x,y,{'estimator': 'gaussian', 'history_length': 10})...
Succesfully initialised SPI with identifier "xme_gaussian_k10" and labels ['unsigned', 'infotheory', 'temporal', 'directed', 'linear']
[109] Adding SPI .statistics.infotheory.crossmap_entropy(x,y,{'estimator': 'kozachenko', 'history_length': 10})...
Succesfully initialised SPI with identifier "xme_kozachenko_k10" and labels ['unsigned', 'infotheory', 'temporal', 'directed', 'linear']
[110] Adding SPI .statistics.infotheory.crossmap_entropy(x,y,{'estimator': 'kernel', 'history_length': 10})...
Succesfully initialised SPI with identifier "xme_kernel_W-0.5_k10" and labels ['unsigned', 'infotheory', 'temporal', 'directed', 'nonlinear']
[111] Adding SPI .statistics.infotheory.directed_info(x,y,{'estimator': 'gaussian'})...
Succesfully initialised SPI with identifier "di_gaussian" and labels ['unsigned', 'infotheory', 'temporal', 'directed', 'linear']
[112] Adding SPI .statistics.infotheory.directed_info(x,y,{'estimator': 'kozachenko'})...
Succesfully initialised SPI with identifier "di_kozachenko" and labels ['unsigned', 'infotheory', 'temporal', 'directed', 'linear']
[113] Adding SPI .statistics.infotheory.directed_info(x,y,{'estimator': 'kernel'})...
Succesfully initialised SPI with identifier "di_kernel_W-0.5" and labels ['unsigned', 'infotheory', 'temporal', 'directed', 'nonlinear']
[114] Adding SPI .statistics.infotheory.stochastic_interaction(x,y,{'estimator': 'gaussian'})...
Succesfully initialised SPI with identifier "si_gaussian_k-1" and labels ['unsigned', 'infotheory', 'temporal', 'undirected', 'linear']
[115] Adding SPI .statistics.infotheory.stochastic_interaction(x,y,{'estimator': 'kozachenko'})...
Succesfully initialised SPI with identifier "si_kozachenko_k-1" and labels ['unsigned', 'infotheory', 'temporal', 'undirected', 'linear']
[116] Adding SPI .statistics.infotheory.stochastic_interaction(x,y,{'estimator': 'kernel'})...
Succesfully initialised SPI with identifier "si_kernel_W-0.5_k-1" and labels ['unsigned', 'infotheory', 'temporal', 'undirected', 'nonlinear']
[117] Adding SPI .statistics.infotheory.mutual_info(x,y,{'estimator': 'gaussian'})...
Succesfully initialised SPI with identifier "mi_gaussian" and labels ['unsigned', 'infotheory', 'unordered', 'undirected', 'linear']
[118] Adding SPI .statistics.infotheory.mutual_info(x,y,{'estimator': 'kraskov', 'prop_k': 4})...
Succesfully initialised SPI with identifier "mi_kraskov_NN-4" and labels ['unsigned', 'infotheory', 'unordered', 'undirected', 'nonlinear']
[119] Adding SPI .statistics.infotheory.mutual_info(x,y,{'estimator': 'kraskov', 'prop_k': 4, 'dyn_corr_excl': 'AUTO'})...
Succesfully initialised SPI with identifier "mi_kraskov_NN-4_DCE" and labels ['unsigned', 'infotheory', 'unordered', 'undirected', 'nonlinear']
[120] Adding SPI .statistics.infotheory.mutual_info(x,y,{'estimator': 'kernel', 'kernel_width': 0.25})...
Succesfully initialised SPI with identifier "mi_kernel_W-0.25" and labels ['unsigned', 'infotheory', 'unordered', 'undirected', 'nonlinear']
[121] Adding SPI .statistics.infotheory.time_lagged_mutual_info(x,y,{'estimator': 'gaussian'})...
Succesfully initialised SPI with identifier "tlmi_gaussian" and labels ['unsigned', 'infotheory', 'temporal', 'undirected', 'linear']
[122] Adding SPI .statistics.infotheory.time_lagged_mutual_info(x,y,{'estimator': 'kraskov', 'prop_k': 4})...
Succesfully initialised SPI with identifier "tlmi_kraskov_NN-4" and labels ['unsigned', 'infotheory', 'temporal', 'undirected', 'nonlinear']
[123] Adding SPI .statistics.infotheory.time_lagged_mutual_info(x,y,{'estimator': 'kraskov', 'prop_k': 4, 'dyn_corr_excl': 'AUTO'})...
Succesfully initialised SPI with identifier "tlmi_kraskov_NN-4_DCE" and labels ['unsigned', 'infotheory', 'temporal', 'undirected', 'nonlinear']
[124] Adding SPI .statistics.infotheory.time_lagged_mutual_info(x,y,{'estimator': 'kernel', 'kernel_width': 0.25})...
Succesfully initialised SPI with identifier "tlmi_kernel_W-0.25" and labels ['unsigned', 'infotheory', 'temporal', 'undirected', 'nonlinear']
[125] Adding SPI .statistics.infotheory.transfer_entropy(x,y,{'estimator': 'kraskov', 'prop_k': 4, 'auto_embed_method': 'MAX_CORR_AIS', 'k_search_max': 10, 'tau_search_max': 4})...
Succesfully initialised SPI with identifier "te_kraskov_NN-4_k-max-10_tau-max-4" and labels ['unsigned', 'embedding', 'infotheory', 'temporal', 'directed', 'nonlinear']
[126] Adding SPI .statistics.infotheory.transfer_entropy(x,y,{'estimator': 'kraskov', 'prop_k': 4, 'auto_embed_method': 'MAX_CORR_AIS', 'k_search_max': 10, 'tau_search_max': 4, 'dyn_corr_excl': 'AUTO'})...
Succesfully initialised SPI with identifier "te_kraskov_NN-4_DCE_k-max-10_tau-max-4" and labels ['unsigned', 'embedding', 'infotheory', 'temporal', 'directed', 'nonlinear']
[127] Adding SPI .statistics.infotheory.transfer_entropy(x,y,{'estimator': 'kraskov', 'prop_k': 4, 'k_history': 2, 'l_history': 1, 'dyn_corr_excl': 'AUTO'})...
Succesfully initialised SPI with identifier "te_kraskov_NN-4_DCE_k-2_kt-1_l-1_lt-1" and labels ['unsigned', 'embedding', 'infotheory', 'temporal', 'directed', 'nonlinear']
[128] Adding SPI .statistics.infotheory.transfer_entropy(x,y,{'estimator': 'kraskov', 'prop_k': 4, 'k_history': 1, 'l_history': 1, 'dyn_corr_excl': 'AUTO'})...
Succesfully initialised SPI with identifier "te_kraskov_NN-4_DCE_k-1_kt-1_l-1_lt-1" and labels ['unsigned', 'embedding', 'infotheory', 'temporal', 'directed', 'nonlinear']
[129] Adding SPI .statistics.infotheory.transfer_entropy(x,y,{'estimator': 'kraskov', 'prop_k': 4, 'k_history': 1, 'l_history': 1})...
Succesfully initialised SPI with identifier "te_kraskov_NN-4_k-1_kt-1_l-1_lt-1" and labels ['unsigned', 'embedding', 'infotheory', 'temporal', 'directed', 'nonlinear']
[130] Adding SPI .statistics.infotheory.transfer_entropy(x,y,{'estimator': 'kernel', 'kernel_width': 0.25, 'k_history': 1, 'l_history': 1})...
Succesfully initialised SPI with identifier "te_kernel_W-0.25_k-1" and labels ['unsigned', 'embedding', 'infotheory', 'temporal', 'directed', 'nonlinear']
[131] Adding SPI .statistics.infotheory.transfer_entropy(x,y,{'estimator': 'gaussian', 'auto_embed_method': 'MAX_CORR_AIS', 'k_search_max': 10, 'tau_search_max': 2})...
Succesfully initialised SPI with identifier "gc_gaussian_k-max-10_tau-max-2" and labels ['unsigned', 'embedding', 'infotheory', 'temporal', 'directed', 'linear']
[132] Adding SPI .statistics.infotheory.transfer_entropy(x,y,{'estimator': 'gaussian', 'k_history': 1, 'l_history': 1})...
Succesfully initialised SPI with identifier "gc_gaussian_k-1_kt-1_l-1_lt-1" and labels ['unsigned', 'embedding', 'infotheory', 'temporal', 'directed', 'linear']
[133] Adding SPI .statistics.infotheory.transfer_entropy(x,y,{'estimator': 'symbolic', 'k_history': 1, 'l_history': 1})...
Succesfully initialised SPI with identifier "te_symbolic_k-1_kt-1_l-1_lt-1" and labels ['unsigned', 'embedding', 'infotheory', 'temporal', 'directed', 'symbolic']
[134] Adding SPI .statistics.infotheory.transfer_entropy(x,y,{'estimator': 'symbolic', 'k_history': 10, 'l_history': 1})...
Succesfully initialised SPI with identifier "te_symbolic_k-10_kt-1_l-1_lt-1" and labels ['unsigned', 'embedding', 'infotheory', 'temporal', 'directed', 'symbolic']
[135] Adding SPI .statistics.infotheory.integrated_information(x,y,{'phitype': 'star'})...
Succesfully initialised SPI with identifier "phi_star_t-1_norm-0" and labels ['linear', 'unsigned', 'infotheory', 'temporal', 'undirected']
[136] Adding SPI .statistics.infotheory.integrated_information(x,y,{'phitype': 'star', 'normalization': 1})...
Succesfully initialised SPI with identifier "phi_star_t-1_norm-1" and labels ['linear', 'unsigned', 'infotheory', 'temporal', 'undirected']
[137] Adding SPI .statistics.infotheory.integrated_information(x,y,{'phitype': 'Geo'})...
Succesfully initialised SPI with identifier "phi_Geo_t-1_norm-0" and labels ['linear', 'unsigned', 'infotheory', 'temporal', 'undirected']
[138] Adding SPI .statistics.infotheory.integrated_information(x,y,{'phitype': 'Geo', 'normalization': 1})...
Succesfully initialised SPI with identifier "phi_Geo_t-1_norm-1" and labels ['linear', 'unsigned', 'infotheory', 'temporal', 'undirected']
*** Importing module .statistics.spectral
[139] Adding SPI .statistics.spectral.coherence_phase(x,y,{'fs': 1})...
Succesfully initialised SPI with identifier "phase_multitaper_mean_fs-1_fmin-0_fmax-0-5" and labels ['unsigned', 'spectral', 'undirected']
[140] Adding SPI .statistics.spectral.coherence_phase(x,y,{'fmin': 0, 'fmax': 0.25})...
Succesfully initialised SPI with identifier "phase_multitaper_mean_fs-1_fmin-0_fmax-0-25" and labels ['unsigned', 'spectral', 'undirected']
[141] Adding SPI .statistics.spectral.coherence_phase(x,y,{'fmin': 0.25, 'fmax': 0.5})...
Succesfully initialised SPI with identifier "phase_multitaper_mean_fs-1_fmin-0-25_fmax-0-5" and labels ['unsigned', 'spectral', 'undirected']
[142] Adding SPI .statistics.spectral.coherence_phase(x,y,{'fs': 1, 'statistic': 'max'})...
Succesfully initialised SPI with identifier "phase_multitaper_max_fs-1_fmin-0_fmax-0-5" and labels ['unsigned', 'spectral', 'undirected']
[143] Adding SPI .statistics.spectral.coherence_phase(x,y,{'fmin': 0, 'fmax': 0.25, 'statistic': 'max'})...
Succesfully initialised SPI with identifier "phase_multitaper_max_fs-1_fmin-0_fmax-0-25" and labels ['unsigned', 'spectral', 'undirected']
[144] Adding SPI .statistics.spectral.coherence_phase(x,y,{'fmin': 0.25, 'fmax': 0.5, 'statistic': 'max'})...
Succesfully initialised SPI with identifier "phase_multitaper_max_fs-1_fmin-0-25_fmax-0-5" and labels ['unsigned', 'spectral', 'undirected']
[145] Adding SPI .statistics.spectral.coherence_magnitude(x,y,{'fs': 1})...
Succesfully initialised SPI with identifier "cohmag_multitaper_mean_fs-1_fmin-0_fmax-0-5" and labels ['unsigned', 'spectral', 'undirected']
[146] Adding SPI .statistics.spectral.coherence_magnitude(x,y,{'fmin': 0, 'fmax': 0.25})...
Succesfully initialised SPI with identifier "cohmag_multitaper_mean_fs-1_fmin-0_fmax-0-25" and labels ['unsigned', 'spectral', 'undirected']
[147] Adding SPI .statistics.spectral.coherence_magnitude(x,y,{'fmin': 0.25, 'fmax': 0.5})...
Succesfully initialised SPI with identifier "cohmag_multitaper_mean_fs-1_fmin-0-25_fmax-0-5" and labels ['unsigned', 'spectral', 'undirected']
[148] Adding SPI .statistics.spectral.coherence_magnitude(x,y,{'fs': 1, 'statistic': 'max'})...
Succesfully initialised SPI with identifier "cohmag_multitaper_max_fs-1_fmin-0_fmax-0-5" and labels ['unsigned', 'spectral', 'undirected']
[149] Adding SPI .statistics.spectral.coherence_magnitude(x,y,{'fmin': 0, 'fmax': 0.25, 'statistic': 'max'})...
Succesfully initialised SPI with identifier "cohmag_multitaper_max_fs-1_fmin-0_fmax-0-25" and labels ['unsigned', 'spectral', 'undirected']
[150] Adding SPI .statistics.spectral.coherence_magnitude(x,y,{'fmin': 0.25, 'fmax': 0.5, 'statistic': 'max'})...
Succesfully initialised SPI with identifier "cohmag_multitaper_max_fs-1_fmin-0-25_fmax-0-5" and labels ['unsigned', 'spectral', 'undirected']
[151] Adding SPI .statistics.spectral.icoherence(x,y,{'fs': 1})...
Succesfully initialised SPI with identifier "icoh_multitaper_mean_fs-1_fmin-0_fmax-0-5" and labels ['unsigned', 'spectral', 'undirected']
[152] Adding SPI .statistics.spectral.icoherence(x,y,{'fmin': 0, 'fmax': 0.25})...
Succesfully initialised SPI with identifier "icoh_multitaper_mean_fs-1_fmin-0_fmax-0-25" and labels ['unsigned', 'spectral', 'undirected']
[153] Adding SPI .statistics.spectral.icoherence(x,y,{'fmin': 0.25, 'fmax': 0.5})...
Succesfully initialised SPI with identifier "icoh_multitaper_mean_fs-1_fmin-0-25_fmax-0-5" and labels ['unsigned', 'spectral', 'undirected']
[154] Adding SPI .statistics.spectral.icoherence(x,y,{'fs': 1, 'statistic': 'max'})...
Succesfully initialised SPI with identifier "icoh_multitaper_max_fs-1_fmin-0_fmax-0-5" and labels ['unsigned', 'spectral', 'undirected']
[155] Adding SPI .statistics.spectral.icoherence(x,y,{'fmin': 0, 'fmax': 0.25, 'statistic': 'max'})...
Succesfully initialised SPI with identifier "icoh_multitaper_max_fs-1_fmin-0_fmax-0-25" and labels ['unsigned', 'spectral', 'undirected']
[156] Adding SPI .statistics.spectral.icoherence(x,y,{'fmin': 0.25, 'fmax': 0.5, 'statistic': 'max'})...
Succesfully initialised SPI with identifier "icoh_multitaper_max_fs-1_fmin-0-25_fmax-0-5" and labels ['unsigned', 'spectral', 'undirected']
[157] Adding SPI .statistics.spectral.phase_slope_index(x,y,{'fmin': 0, 'fmax': 0.5})...
Succesfully initialised SPI with identifier "psi_multitaper_mean_fs-1_fmin-0_fmax-0-5" and labels ['unsigned', 'spectral', 'undirected']
[158] Adding SPI .statistics.spectral.phase_slope_index(x,y,{'fmin': 0, 'fmax': 0.25})...
Succesfully initialised SPI with identifier "psi_multitaper_mean_fs-1_fmin-0_fmax-0-25" and labels ['unsigned', 'spectral', 'undirected']
[159] Adding SPI .statistics.spectral.phase_slope_index(x,y,{'fmin': 0.25, 'fmax': 0.5})...
Succesfully initialised SPI with identifier "psi_multitaper_mean_fs-1_fmin-0-25_fmax-0-5" and labels ['unsigned', 'spectral', 'undirected']
[160] Adding SPI .statistics.spectral.phase_locking_value(x,y,{'fs': 1})...
Succesfully initialised SPI with identifier "plv_multitaper_mean_fs-1_fmin-0_fmax-0-5" and labels ['unsigned', 'spectral', 'undirected']
[161] Adding SPI .statistics.spectral.phase_locking_value(x,y,{'fmin': 0, 'fmax': 0.25})...
Succesfully initialised SPI with identifier "plv_multitaper_mean_fs-1_fmin-0_fmax-0-25" and labels ['unsigned', 'spectral', 'undirected']
[162] Adding SPI .statistics.spectral.phase_locking_value(x,y,{'fmin': 0.25, 'fmax': 0.5})...
Succesfully initialised SPI with identifier "plv_multitaper_mean_fs-1_fmin-0-25_fmax-0-5" and labels ['unsigned', 'spectral', 'undirected']
[163] Adding SPI .statistics.spectral.phase_locking_value(x,y,{'fs': 1, 'statistic': 'max'})...
Succesfully initialised SPI with identifier "plv_multitaper_max_fs-1_fmin-0_fmax-0-5" and labels ['unsigned', 'spectral', 'undirected']
[164] Adding SPI .statistics.spectral.phase_locking_value(x,y,{'fmin': 0, 'fmax': 0.25, 'statistic': 'max'})...
Succesfully initialised SPI with identifier "plv_multitaper_max_fs-1_fmin-0_fmax-0-25" and labels ['unsigned', 'spectral', 'undirected']
[165] Adding SPI .statistics.spectral.phase_locking_value(x,y,{'fmin': 0.25, 'fmax': 0.5, 'statistic': 'max'})...
Succesfully initialised SPI with identifier "plv_multitaper_max_fs-1_fmin-0-25_fmax-0-5" and labels ['unsigned', 'spectral', 'undirected']
[166] Adding SPI .statistics.spectral.phase_lag_index(x,y,{'fs': 1})...
Succesfully initialised SPI with identifier "pli_multitaper_mean_fs-1_fmin-0_fmax-0-5" and labels ['unsigned', 'spectral', 'undirected']
[167] Adding SPI .statistics.spectral.phase_lag_index(x,y,{'fmin': 0, 'fmax': 0.25})...
Succesfully initialised SPI with identifier "pli_multitaper_mean_fs-1_fmin-0_fmax-0-25" and labels ['unsigned', 'spectral', 'undirected']
[168] Adding SPI .statistics.spectral.phase_lag_index(x,y,{'fmin': 0.25, 'fmax': 0.5})...
Succesfully initialised SPI with identifier "pli_multitaper_mean_fs-1_fmin-0-25_fmax-0-5" and labels ['unsigned', 'spectral', 'undirected']
[169] Adding SPI .statistics.spectral.phase_lag_index(x,y,{'fs': 1, 'statistic': 'max'})...
Succesfully initialised SPI with identifier "pli_multitaper_max_fs-1_fmin-0_fmax-0-5" and labels ['unsigned', 'spectral', 'undirected']
[170] Adding SPI .statistics.spectral.phase_lag_index(x,y,{'fmin': 0, 'fmax': 0.25, 'statistic': 'max'})...
Succesfully initialised SPI with identifier "pli_multitaper_max_fs-1_fmin-0_fmax-0-25" and labels ['unsigned', 'spectral', 'undirected']
[171] Adding SPI .statistics.spectral.phase_lag_index(x,y,{'fmin': 0.25, 'fmax': 0.5, 'statistic': 'max'})...
Succesfully initialised SPI with identifier "pli_multitaper_max_fs-1_fmin-0-25_fmax-0-5" and labels ['unsigned', 'spectral', 'undirected']
[172] Adding SPI .statistics.spectral.weighted_phase_lag_index(x,y,{'fs': 1})...
Succesfully initialised SPI with identifier "wpli_multitaper_mean_fs-1_fmin-0_fmax-0-5" and labels ['unsigned', 'spectral', 'undirected']
[173] Adding SPI .statistics.spectral.weighted_phase_lag_index(x,y,{'fmin': 0, 'fmax': 0.25})...
Succesfully initialised SPI with identifier "wpli_multitaper_mean_fs-1_fmin-0_fmax-0-25" and labels ['unsigned', 'spectral', 'undirected']
[174] Adding SPI .statistics.spectral.weighted_phase_lag_index(x,y,{'fmin': 0.25, 'fmax': 0.5})...
Succesfully initialised SPI with identifier "wpli_multitaper_mean_fs-1_fmin-0-25_fmax-0-5" and labels ['unsigned', 'spectral', 'undirected']
[175] Adding SPI .statistics.spectral.weighted_phase_lag_index(x,y,{'fs': 1, 'statistic': 'max'})...
Succesfully initialised SPI with identifier "wpli_multitaper_max_fs-1_fmin-0_fmax-0-5" and labels ['unsigned', 'spectral', 'undirected']
[176] Adding SPI .statistics.spectral.weighted_phase_lag_index(x,y,{'fmin': 0, 'fmax': 0.25, 'statistic': 'max'})...
Succesfully initialised SPI with identifier "wpli_multitaper_max_fs-1_fmin-0_fmax-0-25" and labels ['unsigned', 'spectral', 'undirected']
[177] Adding SPI .statistics.spectral.weighted_phase_lag_index(x,y,{'fmin': 0.25, 'fmax': 0.5, 'statistic': 'max'})...
Succesfully initialised SPI with identifier "wpli_multitaper_max_fs-1_fmin-0-25_fmax-0-5" and labels ['unsigned', 'spectral', 'undirected']
[178] Adding SPI .statistics.spectral.debiased_squared_phase_lag_index(x,y,{'fs': 1})...
Succesfully initialised SPI with identifier "dspli_multitaper_mean_fs-1_fmin-0_fmax-0-5" and labels ['unsigned', 'spectral', 'undirected']
[179] Adding SPI .statistics.spectral.debiased_squared_phase_lag_index(x,y,{'fmin': 0, 'fmax': 0.25})...
Succesfully initialised SPI with identifier "dspli_multitaper_mean_fs-1_fmin-0_fmax-0-25" and labels ['unsigned', 'spectral', 'undirected']
[180] Adding SPI .statistics.spectral.debiased_squared_phase_lag_index(x,y,{'fmin': 0.25, 'fmax': 0.5})...
Succesfully initialised SPI with identifier "dspli_multitaper_mean_fs-1_fmin-0-25_fmax-0-5" and labels ['unsigned', 'spectral', 'undirected']
[181] Adding SPI .statistics.spectral.debiased_squared_phase_lag_index(x,y,{'fs': 1, 'statistic': 'max'})...
Succesfully initialised SPI with identifier "dspli_multitaper_max_fs-1_fmin-0_fmax-0-5" and labels ['unsigned', 'spectral', 'undirected']
[182] Adding SPI .statistics.spectral.debiased_squared_phase_lag_index(x,y,{'fmin': 0, 'fmax': 0.25, 'statistic': 'max'})...
Succesfully initialised SPI with identifier "dspli_multitaper_max_fs-1_fmin-0_fmax-0-25" and labels ['unsigned', 'spectral', 'undirected']
[183] Adding SPI .statistics.spectral.debiased_squared_phase_lag_index(x,y,{'fmin': 0.25, 'fmax': 0.5, 'statistic': 'max'})...
Succesfully initialised SPI with identifier "dspli_multitaper_max_fs-1_fmin-0-25_fmax-0-5" and labels ['unsigned', 'spectral', 'undirected']
[184] Adding SPI .statistics.spectral.debiased_squared_weighted_phase_lag_index(x,y,{'fs': 1})...
Succesfully initialised SPI with identifier "dswpli_multitaper_mean_fs-1_fmin-0_fmax-0-5" and labels ['unsigned', 'spectral', 'undirected']
[185] Adding SPI .statistics.spectral.debiased_squared_weighted_phase_lag_index(x,y,{'fmin': 0, 'fmax': 0.25})...
Succesfully initialised SPI with identifier "dswpli_multitaper_mean_fs-1_fmin-0_fmax-0-25" and labels ['unsigned', 'spectral', 'undirected']
[186] Adding SPI .statistics.spectral.debiased_squared_weighted_phase_lag_index(x,y,{'fmin': 0.25, 'fmax': 0.5})...
Succesfully initialised SPI with identifier "dswpli_multitaper_mean_fs-1_fmin-0-25_fmax-0-5" and labels ['unsigned', 'spectral', 'undirected']
[187] Adding SPI .statistics.spectral.debiased_squared_weighted_phase_lag_index(x,y,{'fs': 1, 'statistic': 'max'})...
Succesfully initialised SPI with identifier "dswpli_multitaper_max_fs-1_fmin-0_fmax-0-5" and labels ['unsigned', 'spectral', 'undirected']
[188] Adding SPI .statistics.spectral.debiased_squared_weighted_phase_lag_index(x,y,{'fmin': 0, 'fmax': 0.25, 'statistic': 'max'})...
Succesfully initialised SPI with identifier "dswpli_multitaper_max_fs-1_fmin-0_fmax-0-25" and labels ['unsigned', 'spectral', 'undirected']
[189] Adding SPI .statistics.spectral.debiased_squared_weighted_phase_lag_index(x,y,{'fmin': 0.25, 'fmax': 0.5, 'statistic': 'max'})...
Succesfully initialised SPI with identifier "dswpli_multitaper_max_fs-1_fmin-0-25_fmax-0-5" and labels ['unsigned', 'spectral', 'undirected']
[190] Adding SPI .statistics.spectral.pairwise_phase_consistency(x,y,{'fs': 1})...
Succesfully initialised SPI with identifier "ppc_multitaper_mean_fs-1_fmin-0_fmax-0-5" and labels ['unsigned', 'spectral', 'undirected']
[191] Adding SPI .statistics.spectral.pairwise_phase_consistency(x,y,{'fmin': 0, 'fmax': 0.25})...
Succesfully initialised SPI with identifier "ppc_multitaper_mean_fs-1_fmin-0_fmax-0-25" and labels ['unsigned', 'spectral', 'undirected']
[192] Adding SPI .statistics.spectral.pairwise_phase_consistency(x,y,{'fmin': 0.25, 'fmax': 0.5})...
Succesfully initialised SPI with identifier "ppc_multitaper_mean_fs-1_fmin-0-25_fmax-0-5" and labels ['unsigned', 'spectral', 'undirected']
[193] Adding SPI .statistics.spectral.pairwise_phase_consistency(x,y,{'fs': 1, 'statistic': 'max'})...
Succesfully initialised SPI with identifier "ppc_multitaper_max_fs-1_fmin-0_fmax-0-5" and labels ['unsigned', 'spectral', 'undirected']
[194] Adding SPI .statistics.spectral.pairwise_phase_consistency(x,y,{'fmin': 0, 'fmax': 0.25, 'statistic': 'max'})...
Succesfully initialised SPI with identifier "ppc_multitaper_max_fs-1_fmin-0_fmax-0-25" and labels ['unsigned', 'spectral', 'undirected']
[195] Adding SPI .statistics.spectral.pairwise_phase_consistency(x,y,{'fmin': 0.25, 'fmax': 0.5, 'statistic': 'max'})...
Succesfully initialised SPI with identifier "ppc_multitaper_max_fs-1_fmin-0-25_fmax-0-5" and labels ['unsigned', 'spectral', 'undirected']
[196] Adding SPI .statistics.spectral.directed_transfer_function(x,y,{'fs': 1})...
Succesfully initialised SPI with identifier "dtf_multitaper_mean_fs-1_fmin-0_fmax-0-5" and labels ['unsigned', 'spectral', 'directed', 'lagged']
[197] Adding SPI .statistics.spectral.directed_transfer_function(x,y,{'fmin': 0, 'fmax': 0.25})...
Succesfully initialised SPI with identifier "dtf_multitaper_mean_fs-1_fmin-0_fmax-0-25" and labels ['unsigned', 'spectral', 'directed', 'lagged']
[198] Adding SPI .statistics.spectral.directed_transfer_function(x,y,{'fmin': 0.25, 'fmax': 0.5})...
Succesfully initialised SPI with identifier "dtf_multitaper_mean_fs-1_fmin-0-25_fmax-0-5" and labels ['unsigned', 'spectral', 'directed', 'lagged']
[199] Adding SPI .statistics.spectral.directed_transfer_function(x,y,{'fs': 1, 'statistic': 'max'})...
Succesfully initialised SPI with identifier "dtf_multitaper_max_fs-1_fmin-0_fmax-0-5" and labels ['unsigned', 'spectral', 'directed', 'lagged']
[200] Adding SPI .statistics.spectral.directed_transfer_function(x,y,{'fmin': 0, 'fmax': 0.25, 'statistic': 'max'})...
Succesfully initialised SPI with identifier "dtf_multitaper_max_fs-1_fmin-0_fmax-0-25" and labels ['unsigned', 'spectral', 'directed', 'lagged']
[201] Adding SPI .statistics.spectral.directed_transfer_function(x,y,{'fmin': 0.25, 'fmax': 0.5, 'statistic': 'max'})...
Succesfully initialised SPI with identifier "dtf_multitaper_max_fs-1_fmin-0-25_fmax-0-5" and labels ['unsigned', 'spectral', 'directed', 'lagged']
[202] Adding SPI .statistics.spectral.directed_coherence(x,y,{'fs': 1})...
Succesfully initialised SPI with identifier "dcoh_multitaper_mean_fs-1_fmin-0_fmax-0-5" and labels ['unsigned', 'spectral', 'directed']
[203] Adding SPI .statistics.spectral.directed_coherence(x,y,{'fmin': 0, 'fmax': 0.25})...
Succesfully initialised SPI with identifier "dcoh_multitaper_mean_fs-1_fmin-0_fmax-0-25" and labels ['unsigned', 'spectral', 'directed']
[204] Adding SPI .statistics.spectral.directed_coherence(x,y,{'fmin': 0.25, 'fmax': 0.5})...
Succesfully initialised SPI with identifier "dcoh_multitaper_mean_fs-1_fmin-0-25_fmax-0-5" and labels ['unsigned', 'spectral', 'directed']
[205] Adding SPI .statistics.spectral.directed_coherence(x,y,{'fs': 1, 'statistic': 'max'})...
Succesfully initialised SPI with identifier "dcoh_multitaper_max_fs-1_fmin-0_fmax-0-5" and labels ['unsigned', 'spectral', 'directed']
[206] Adding SPI .statistics.spectral.directed_coherence(x,y,{'fmin': 0, 'fmax': 0.25, 'statistic': 'max'})...
Succesfully initialised SPI with identifier "dcoh_multitaper_max_fs-1_fmin-0_fmax-0-25" and labels ['unsigned', 'spectral', 'directed']
[207] Adding SPI .statistics.spectral.directed_coherence(x,y,{'fmin': 0.25, 'fmax': 0.5, 'statistic': 'max'})...
Succesfully initialised SPI with identifier "dcoh_multitaper_max_fs-1_fmin-0-25_fmax-0-5" and labels ['unsigned', 'spectral', 'directed']
[208] Adding SPI .statistics.spectral.partial_directed_coherence(x,y,{'fs': 1})...
Succesfully initialised SPI with identifier "pdcoh_multitaper_mean_fs-1_fmin-0_fmax-0-5" and labels ['unsigned', 'spectral', 'directed']
[209] Adding SPI .statistics.spectral.partial_directed_coherence(x,y,{'fmin': 0, 'fmax': 0.25})...
Succesfully initialised SPI with identifier "pdcoh_multitaper_mean_fs-1_fmin-0_fmax-0-25" and labels ['unsigned', 'spectral', 'directed']
[210] Adding SPI .statistics.spectral.partial_directed_coherence(x,y,{'fmin': 0.25, 'fmax': 0.5})...
Succesfully initialised SPI with identifier "pdcoh_multitaper_mean_fs-1_fmin-0-25_fmax-0-5" and labels ['unsigned', 'spectral', 'directed']
[211] Adding SPI .statistics.spectral.partial_directed_coherence(x,y,{'fs': 1, 'statistic': 'max'})...
Succesfully initialised SPI with identifier "pdcoh_multitaper_max_fs-1_fmin-0_fmax-0-5" and labels ['unsigned', 'spectral', 'directed']
[212] Adding SPI .statistics.spectral.partial_directed_coherence(x,y,{'fmin': 0, 'fmax': 0.25, 'statistic': 'max'})...
Succesfully initialised SPI with identifier "pdcoh_multitaper_max_fs-1_fmin-0_fmax-0-25" and labels ['unsigned', 'spectral', 'directed']
[213] Adding SPI .statistics.spectral.partial_directed_coherence(x,y,{'fmin': 0.25, 'fmax': 0.5, 'statistic': 'max'})...
Succesfully initialised SPI with identifier "pdcoh_multitaper_max_fs-1_fmin-0-25_fmax-0-5" and labels ['unsigned', 'spectral', 'directed']
[214] Adding SPI .statistics.spectral.generalized_partial_directed_coherence(x,y,{'fs': 1})...
Succesfully initialised SPI with identifier "gpdcoh_multitaper_mean_fs-1_fmin-0_fmax-0-5" and labels ['unsigned', 'spectral', 'directed']
[215] Adding SPI .statistics.spectral.generalized_partial_directed_coherence(x,y,{'fmin': 0, 'fmax': 0.25})...
Succesfully initialised SPI with identifier "gpdcoh_multitaper_mean_fs-1_fmin-0_fmax-0-25" and labels ['unsigned', 'spectral', 'directed']
[216] Adding SPI .statistics.spectral.generalized_partial_directed_coherence(x,y,{'fmin': 0.25, 'fmax': 0.5})...
Succesfully initialised SPI with identifier "gpdcoh_multitaper_mean_fs-1_fmin-0-25_fmax-0-5" and labels ['unsigned', 'spectral', 'directed']
[217] Adding SPI .statistics.spectral.generalized_partial_directed_coherence(x,y,{'fs': 1, 'statistic': 'max'})...
Succesfully initialised SPI with identifier "gpdcoh_multitaper_max_fs-1_fmin-0_fmax-0-5" and labels ['unsigned', 'spectral', 'directed']
[218] Adding SPI .statistics.spectral.generalized_partial_directed_coherence(x,y,{'fmin': 0, 'fmax': 0.25, 'statistic': 'max'})...
Succesfully initialised SPI with identifier "gpdcoh_multitaper_max_fs-1_fmin-0_fmax-0-25" and labels ['unsigned', 'spectral', 'directed']
[219] Adding SPI .statistics.spectral.generalized_partial_directed_coherence(x,y,{'fmin': 0.25, 'fmax': 0.5, 'statistic': 'max'})...
Succesfully initialised SPI with identifier "gpdcoh_multitaper_max_fs-1_fmin-0-25_fmax-0-5" and labels ['unsigned', 'spectral', 'directed']
[220] Adding SPI .statistics.spectral.direct_directed_transfer_function(x,y,{'fs': 1})...
Succesfully initialised SPI with identifier "ddtf_multitaper_mean_fs-1_fmin-0_fmax-0-5" and labels ['unsigned', 'spectral', 'directed', 'lagged']
[221] Adding SPI .statistics.spectral.direct_directed_transfer_function(x,y,{'fmin': 0, 'fmax': 0.25})...
Succesfully initialised SPI with identifier "ddtf_multitaper_mean_fs-1_fmin-0_fmax-0-25" and labels ['unsigned', 'spectral', 'directed', 'lagged']
[222] Adding SPI .statistics.spectral.direct_directed_transfer_function(x,y,{'fmin': 0.25, 'fmax': 0.5})...
Succesfully initialised SPI with identifier "ddtf_multitaper_mean_fs-1_fmin-0-25_fmax-0-5" and labels ['unsigned', 'spectral', 'directed', 'lagged']
[223] Adding SPI .statistics.spectral.direct_directed_transfer_function(x,y,{'fs': 1, 'statistic': 'max'})...
Succesfully initialised SPI with identifier "ddtf_multitaper_max_fs-1_fmin-0_fmax-0-5" and labels ['unsigned', 'spectral', 'directed', 'lagged']
[224] Adding SPI .statistics.spectral.direct_directed_transfer_function(x,y,{'fmin': 0, 'fmax': 0.25, 'statistic': 'max'})...
Succesfully initialised SPI with identifier "ddtf_multitaper_max_fs-1_fmin-0_fmax-0-25" and labels ['unsigned', 'spectral', 'directed', 'lagged']
[225] Adding SPI .statistics.spectral.direct_directed_transfer_function(x,y,{'fmin': 0.25, 'fmax': 0.5, 'statistic': 'max'})...
Succesfully initialised SPI with identifier "ddtf_multitaper_max_fs-1_fmin-0-25_fmax-0-5" and labels ['unsigned', 'spectral', 'directed', 'lagged']
[226] Adding SPI .statistics.spectral.group_delay(x,y,{'fmin': 0, 'fmax': 0.5, 'statistic': 'delay'})...
Succesfully initialised SPI with identifier "gd_multitaper_delay_fs-1_fmin-0_fmax-0-5" and labels ['unsigned', 'spectral', 'directed', 'lagged']
[227] Adding SPI .statistics.spectral.group_delay(x,y,{'fmin': 0, 'fmax': 0.25, 'statistic': 'delay'})...
Succesfully initialised SPI with identifier "gd_multitaper_delay_fs-1_fmin-0_fmax-0-25" and labels ['unsigned', 'spectral', 'directed', 'lagged']
[228] Adding SPI .statistics.spectral.group_delay(x,y,{'fmin': 0.25, 'fmax': 0.5, 'statistic': 'delay'})...
Succesfully initialised SPI with identifier "gd_multitaper_delay_fs-1_fmin-0-25_fmax-0-5" and labels ['unsigned', 'spectral', 'directed', 'lagged']
[229] Adding SPI .statistics.spectral.spectral_granger(x,y,{'method': 'nonparametric', 'fmin': 0, 'fmax': 0.5, 'statistic': 'mean'})...
Succesfully initialised SPI with identifier "sgc_nonparametric_mean_fs-1_fmin-0_fmax-0-5" and labels ['unsigned', 'embedding', 'spectral', 'directed', 'lagged']
[230] Adding SPI .statistics.spectral.spectral_granger(x,y,{'method': 'nonparametric', 'fmin': 0, 'fmax': 0.25, 'statistic': 'mean'})...
Succesfully initialised SPI with identifier "sgc_nonparametric_mean_fs-1_fmin-0_fmax-0-25" and labels ['unsigned', 'embedding', 'spectral', 'directed', 'lagged']
[231] Adding SPI .statistics.spectral.spectral_granger(x,y,{'method': 'nonparametric', 'fmin': 0.25, 'fmax': 0.5, 'statistic': 'mean'})...
Succesfully initialised SPI with identifier "sgc_nonparametric_mean_fs-1_fmin-0-25_fmax-0-5" and labels ['unsigned', 'embedding', 'spectral', 'directed', 'lagged']
[232] Adding SPI .statistics.spectral.spectral_granger(x,y,{'method': 'nonparametric', 'fmin': 0, 'fmax': 0.5, 'statistic': 'max'})...
Succesfully initialised SPI with identifier "sgc_nonparametric_max_fs-1_fmin-0_fmax-0-5" and labels ['unsigned', 'embedding', 'spectral', 'directed', 'lagged']
[233] Adding SPI .statistics.spectral.spectral_granger(x,y,{'method': 'nonparametric', 'fmin': 0, 'fmax': 0.25, 'statistic': 'max'})...
Succesfully initialised SPI with identifier "sgc_nonparametric_max_fs-1_fmin-0_fmax-0-25" and labels ['unsigned', 'embedding', 'spectral', 'directed', 'lagged']
[234] Adding SPI .statistics.spectral.spectral_granger(x,y,{'method': 'nonparametric', 'fmin': 0.25, 'fmax': 0.5, 'statistic': 'max'})...
Succesfully initialised SPI with identifier "sgc_nonparametric_max_fs-1_fmin-0-25_fmax-0-5" and labels ['unsigned', 'embedding', 'spectral', 'directed', 'lagged']
[235] Adding SPI .statistics.spectral.spectral_granger(x,y,{'method': 'parametric', 'fmin': 0, 'fmax': 0.5, 'statistic': 'mean'})...
Succesfully initialised SPI with identifier "sgc_parametric_mean_fs-1_fmin-0_fmax-0-5_order-None" and labels ['unsigned', 'embedding', 'spectral', 'directed', 'lagged']
[236] Adding SPI .statistics.spectral.spectral_granger(x,y,{'method': 'parametric', 'fmin': 0, 'fmax': 0.25, 'statistic': 'mean'})...
Succesfully initialised SPI with identifier "sgc_parametric_mean_fs-1_fmin-0_fmax-0-25_order-None" and labels ['unsigned', 'embedding', 'spectral', 'directed', 'lagged']
[237] Adding SPI .statistics.spectral.spectral_granger(x,y,{'fmin': 0.25, 'fmax': 0.5, 'method': 'parametric', 'statistic': 'mean'})...
Succesfully initialised SPI with identifier "sgc_parametric_mean_fs-1_fmin-0-25_fmax-0-5_order-None" and labels ['unsigned', 'embedding', 'spectral', 'directed', 'lagged']
[238] Adding SPI .statistics.spectral.spectral_granger(x,y,{'fs': 1, 'order': 1, 'method': 'parametric', 'statistic': 'mean'})...
Succesfully initialised SPI with identifier "sgc_parametric_mean_fs-1_fmin-0_fmax-0-5_order-1" and labels ['unsigned', 'embedding', 'spectral', 'directed', 'lagged']
[239] Adding SPI .statistics.spectral.spectral_granger(x,y,{'fmin': 0, 'fmax': 0.25, 'order': 1, 'method': 'parametric', 'statistic': 'mean'})...
Succesfully initialised SPI with identifier "sgc_parametric_mean_fs-1_fmin-0_fmax-0-25_order-1" and labels ['unsigned', 'embedding', 'spectral', 'directed', 'lagged']
[240] Adding SPI .statistics.spectral.spectral_granger(x,y,{'fmin': 0.25, 'fmax': 0.5, 'order': 1, 'method': 'parametric', 'statistic': 'mean'})...
Succesfully initialised SPI with identifier "sgc_parametric_mean_fs-1_fmin-0-25_fmax-0-5_order-1" and labels ['unsigned', 'embedding', 'spectral', 'directed', 'lagged']
[241] Adding SPI .statistics.spectral.spectral_granger(x,y,{'fs': 1, 'order': 20, 'method': 'parametric', 'statistic': 'mean'})...
Succesfully initialised SPI with identifier "sgc_parametric_mean_fs-1_fmin-0_fmax-0-5_order-20" and labels ['unsigned', 'embedding', 'spectral', 'directed', 'lagged']
[242] Adding SPI .statistics.spectral.spectral_granger(x,y,{'fmin': 0, 'fmax': 0.25, 'order': 20, 'method': 'parametric', 'statistic': 'mean'})...
Succesfully initialised SPI with identifier "sgc_parametric_mean_fs-1_fmin-0_fmax-0-25_order-20" and labels ['unsigned', 'embedding', 'spectral', 'directed', 'lagged']
[243] Adding SPI .statistics.spectral.spectral_granger(x,y,{'fmin': 0.25, 'fmax': 0.5, 'order': 20, 'method': 'parametric', 'statistic': 'mean'})...
Succesfully initialised SPI with identifier "sgc_parametric_mean_fs-1_fmin-0-25_fmax-0-5_order-20" and labels ['unsigned', 'embedding', 'spectral', 'directed', 'lagged']
[244] Adding SPI .statistics.spectral.spectral_granger(x,y,{'fs': 1, 'method': 'parametric', 'statistic': 'max'})...
Succesfully initialised SPI with identifier "sgc_parametric_max_fs-1_fmin-0_fmax-0-5_order-None" and labels ['unsigned', 'embedding', 'spectral', 'directed', 'lagged']
[245] Adding SPI .statistics.spectral.spectral_granger(x,y,{'fmin': 0, 'fmax': 0.25, 'method': 'parametric', 'statistic': 'max'})...
Succesfully initialised SPI with identifier "sgc_parametric_max_fs-1_fmin-0_fmax-0-25_order-None" and labels ['unsigned', 'embedding', 'spectral', 'directed', 'lagged']
[246] Adding SPI .statistics.spectral.spectral_granger(x,y,{'fmin': 0.25, 'fmax': 0.5, 'method': 'parametric', 'statistic': 'max'})...
Succesfully initialised SPI with identifier "sgc_parametric_max_fs-1_fmin-0-25_fmax-0-5_order-None" and labels ['unsigned', 'embedding', 'spectral', 'directed', 'lagged']
[247] Adding SPI .statistics.spectral.spectral_granger(x,y,{'fs': 1, 'order': 1, 'method': 'parametric', 'statistic': 'max'})...
Succesfully initialised SPI with identifier "sgc_parametric_max_fs-1_fmin-0_fmax-0-5_order-1" and labels ['unsigned', 'embedding', 'spectral', 'directed', 'lagged']
[248] Adding SPI .statistics.spectral.spectral_granger(x,y,{'fmin': 0, 'fmax': 0.25, 'order': 1, 'method': 'parametric', 'statistic': 'max'})...
Succesfully initialised SPI with identifier "sgc_parametric_max_fs-1_fmin-0_fmax-0-25_order-1" and labels ['unsigned', 'embedding', 'spectral', 'directed', 'lagged']
[249] Adding SPI .statistics.spectral.spectral_granger(x,y,{'fmin': 0.25, 'fmax': 0.5, 'order': 1, 'method': 'parametric', 'statistic': 'max'})...
Succesfully initialised SPI with identifier "sgc_parametric_max_fs-1_fmin-0-25_fmax-0-5_order-1" and labels ['unsigned', 'embedding', 'spectral', 'directed', 'lagged']
[250] Adding SPI .statistics.spectral.spectral_granger(x,y,{'fs': 1, 'order': 20, 'method': 'parametric', 'statistic': 'max'})...
Succesfully initialised SPI with identifier "sgc_parametric_max_fs-1_fmin-0_fmax-0-5_order-20" and labels ['unsigned', 'embedding', 'spectral', 'directed', 'lagged']
[251] Adding SPI .statistics.spectral.spectral_granger(x,y,{'fmin': 0, 'fmax': 0.25, 'order': 20, 'method': 'parametric', 'statistic': 'max'})...
Succesfully initialised SPI with identifier "sgc_parametric_max_fs-1_fmin-0_fmax-0-25_order-20" and labels ['unsigned', 'embedding', 'spectral', 'directed', 'lagged']
[252] Adding SPI .statistics.spectral.spectral_granger(x,y,{'fmin': 0.25, 'fmax': 0.5, 'order': 20, 'method': 'parametric', 'statistic': 'max'})...
Succesfully initialised SPI with identifier "sgc_parametric_max_fs-1_fmin-0-25_fmax-0-5_order-20" and labels ['unsigned', 'embedding', 'spectral', 'directed', 'lagged']
*** Importing module .statistics.wavelet
[253] Adding SPI .statistics.wavelet.phase_slope_index(x,y,{'fs': 1})...
Succesfully initialised SPI with identifier "psi_wavelet_mean_fs-1_fmin-0_fmax-0-5_mean" and labels ['unsigned', 'wavelet', 'undirected']
[254] Adding SPI .statistics.wavelet.phase_slope_index(x,y,{'fmin': 0, 'fmax': 0.25})...
Succesfully initialised SPI with identifier "psi_wavelet_mean_fs-1_fmin-0_fmax-0-25_mean" and labels ['unsigned', 'wavelet', 'undirected']
[255] Adding SPI .statistics.wavelet.phase_slope_index(x,y,{'fmin': 0.25, 'fmax': 0.5})...
Succesfully initialised SPI with identifier "psi_wavelet_mean_fs-1_fmin-0-25_fmax-0-5_mean" and labels ['unsigned', 'wavelet', 'undirected']
[256] Adding SPI .statistics.wavelet.phase_slope_index(x,y,{'fmin': 0, 'fmax': 0.5, 'statistic': 'max'})...
Succesfully initialised SPI with identifier "psi_wavelet_max_fs-1_fmin-0_fmax-0-5_max" and labels ['unsigned', 'wavelet', 'undirected']
[257] Adding SPI .statistics.wavelet.phase_slope_index(x,y,{'fmin': 0, 'fmax': 0.25, 'statistic': 'max'})...
Succesfully initialised SPI with identifier "psi_wavelet_max_fs-1_fmin-0_fmax-0-25_max" and labels ['unsigned', 'wavelet', 'undirected']
[258] Adding SPI .statistics.wavelet.phase_slope_index(x,y,{'fmin': 0.25, 'fmax': 0.5, 'statistic': 'max'})...
Succesfully initialised SPI with identifier "psi_wavelet_max_fs-1_fmin-0-25_fmax-0-5_max" and labels ['unsigned', 'wavelet', 'undirected']
*** Importing module .statistics.misc
[259] Adding SPI .statistics.misc.linearmodel(x,y,{'model': 'Ridge'})...
Succesfully initialised SPI with identifier "lmfit_Ridge" and labels ['misc', 'unsigned', 'unordered', 'normal', 'linear', 'directed']
[260] Adding SPI .statistics.misc.linearmodel(x,y,{'model': 'Lasso'})...
Succesfully initialised SPI with identifier "lmfit_Lasso" and labels ['misc', 'unsigned', 'unordered', 'normal', 'linear', 'directed']
[261] Adding SPI .statistics.misc.linearmodel(x,y,{'model': 'SGDRegressor'})...
Succesfully initialised SPI with identifier "lmfit_SGDRegressor" and labels ['misc', 'unsigned', 'unordered', 'normal', 'linear', 'directed']
[262] Adding SPI .statistics.misc.linearmodel(x,y,{'model': 'ElasticNet'})...
Succesfully initialised SPI with identifier "lmfit_ElasticNet" and labels ['misc', 'unsigned', 'unordered', 'normal', 'linear', 'directed']
[263] Adding SPI .statistics.misc.linearmodel(x,y,{'model': 'BayesianRidge'})...
Succesfully initialised SPI with identifier "lmfit_BayesianRidge" and labels ['misc', 'unsigned', 'unordered', 'normal', 'linear', 'directed']
[264] Adding SPI .statistics.misc.gpmodel(x,y,{'kernel': 'DotProduct'})...
Succesfully initialised SPI with identifier "gpfit_DotProduct" and labels ['misc', 'unsigned', 'unordered', 'normal', 'nonlinear', 'directed']
[265] Adding SPI .statistics.misc.gpmodel(x,y,{'kernel': 'RBF'})...
Succesfully initialised SPI with identifier "gpfit_RBF" and labels ['misc', 'unsigned', 'unordered', 'normal', 'nonlinear', 'directed']
[266] Adding SPI .statistics.misc.coint(x,y,{'method': 'johansen', 'statistic': 'max_eig_stat', 'det_order': 0, 'k_ar_diff': 10})...
Succesfully initialised SPI with identifier "coint_johansen_max_eig_stat_order-0_ardiff-10" and labels ['misc', 'unsigned', 'temporal', 'undirected', 'nonlinear']
[267] Adding SPI .statistics.misc.coint(x,y,{'method': 'johansen', 'statistic': 'trace_stat', 'det_order': 0, 'k_ar_diff': 10})...
Succesfully initialised SPI with identifier "coint_johansen_trace_stat_order-0_ardiff-10" and labels ['misc', 'unsigned', 'temporal', 'undirected', 'nonlinear']
[268] Adding SPI .statistics.misc.coint(x,y,{'method': 'johansen', 'statistic': 'max_eig_stat', 'det_order': 0, 'k_ar_diff': 1})...
Succesfully initialised SPI with identifier "coint_johansen_max_eig_stat_order-0_ardiff-1" and labels ['misc', 'unsigned', 'temporal', 'undirected', 'nonlinear']
[269] Adding SPI .statistics.misc.coint(x,y,{'method': 'johansen', 'statistic': 'trace_stat', 'det_order': 0, 'k_ar_diff': 1})...
Succesfully initialised SPI with identifier "coint_johansen_trace_stat_order-0_ardiff-1" and labels ['misc', 'unsigned', 'temporal', 'undirected', 'nonlinear']
[270] Adding SPI .statistics.misc.coint(x,y,{'method': 'johansen', 'statistic': 'max_eig_stat', 'det_order': 1, 'k_ar_diff': 10})...
Succesfully initialised SPI with identifier "coint_johansen_max_eig_stat_order-1_ardiff-10" and labels ['misc', 'unsigned', 'temporal', 'undirected', 'nonlinear']
[271] Adding SPI .statistics.misc.coint(x,y,{'method': 'johansen', 'statistic': 'trace_stat', 'det_order': 1, 'k_ar_diff': 10})...
Succesfully initialised SPI with identifier "coint_johansen_trace_stat_order-1_ardiff-10" and labels ['misc', 'unsigned', 'temporal', 'undirected', 'nonlinear']
[272] Adding SPI .statistics.misc.coint(x,y,{'method': 'johansen', 'statistic': 'max_eig_stat', 'det_order': 1, 'k_ar_diff': 1})...
Succesfully initialised SPI with identifier "coint_johansen_max_eig_stat_order-1_ardiff-1" and labels ['misc', 'unsigned', 'temporal', 'undirected', 'nonlinear']
[273] Adding SPI .statistics.misc.coint(x,y,{'method': 'johansen', 'statistic': 'trace_stat', 'det_order': 1, 'k_ar_diff': 1})...
Succesfully initialised SPI with identifier "coint_johansen_trace_stat_order-1_ardiff-1" and labels ['misc', 'unsigned', 'temporal', 'undirected', 'nonlinear']
[274] Adding SPI .statistics.misc.coint(x,y,{'method': 'aeg', 'statistic': 'tstat', 'autolag': 'aic', 'maxlag': 10, 'trend': 'c'})...
Succesfully initialised SPI with identifier "coint_aeg_tstat_trend-c_autolag-aic_maxlag-10" and labels ['misc', 'unsigned', 'temporal', 'undirected', 'nonlinear']
[275] Adding SPI .statistics.misc.coint(x,y,{'method': 'aeg', 'statistic': 'tstat', 'autolag': 'aic', 'maxlag': 10, 'trend': 'ct'})...
Succesfully initialised SPI with identifier "coint_aeg_tstat_trend-ct_autolag-aic_maxlag-10" and labels ['misc', 'unsigned', 'temporal', 'undirected', 'nonlinear']
[276] Adding SPI .statistics.misc.coint(x,y,{'method': 'aeg', 'statistic': 'tstat', 'autolag': 'bic', 'maxlag': 10, 'trend': 'ct'})...
Succesfully initialised SPI with identifier "coint_aeg_tstat_trend-ct_autolag-bic_maxlag-10" and labels ['misc', 'unsigned', 'temporal', 'undirected', 'nonlinear']
[277] Adding SPI .statistics.misc.envelope_correlation(x,y,{'orth': False, 'log': False, 'absolute': False})...
Succesfully initialised SPI with identifier "pec" and labels ['unsigned', 'misc', 'undirected']
[278] Adding SPI .statistics.misc.envelope_correlation(x,y,{'orth': True, 'log': False, 'absolute': False})...
Succesfully initialised SPI with identifier "pec_orth" and labels ['unsigned', 'misc', 'undirected']
[279] Adding SPI .statistics.misc.envelope_correlation(x,y,{'orth': False, 'log': True, 'absolute': False})...
Succesfully initialised SPI with identifier "pec_log" and labels ['unsigned', 'misc', 'undirected']
[280] Adding SPI .statistics.misc.envelope_correlation(x,y,{'orth': True, 'log': True, 'absolute': False})...
Succesfully initialised SPI with identifier "pec_orth_log" and labels ['unsigned', 'misc', 'undirected']
[281] Adding SPI .statistics.misc.envelope_correlation(x,y,{'orth': True, 'log': False, 'absolute': True})...
Succesfully initialised SPI with identifier "pec_orth_abs" and labels ['unsigned', 'misc', 'undirected']
[282] Adding SPI .statistics.misc.envelope_correlation(x,y,{'orth': True, 'log': True, 'absolute': True})...
Succesfully initialised SPI with identifier "pec_orth_log_abs" and labels ['unsigned', 'misc', 'undirected']
Number of SPIs: 283
warning: In this version of Octave, QR & Cholesky updating routines simply update the matrix and recalculate factorizations. To use fast algorithms, link Octave with the qrupdate library. See <http://sourceforge.net/projects/qrupdate>.
